<?xml version="1.0" encoding="UTF-8"?>
<testsuite xmlns:xsi="http://www.w3.org/2001/XMLSchema-instance" xsi:noNamespaceSchemaLocation="https://maven.apache.org/surefire/maven-surefire-plugin/xsd/surefire-test-report-3.0.xsd" version="3.0" name="TestSuite" time="15.782" tests="2" errors="0" skipped="0" failures="1">
  <properties>
[...]
</properties>
  <testcase name="createBooking_P" classname="testCases.TC02_CreateBooking" time="6.06">
    <system-out><![CDATA[Request method:	POST
Request URI:	https://restful-booker.herokuapp.com/booking
Proxy:			<none>
Request params:	<none>
Query params:	<none>
Form params:	<none>
Path params:	<none>
Headers:		Accept=*/*
				Content-Type=application/json
Cookies:		<none>
Multiparts:		<none>
Body:
{
    "firstname": "ahmed",
    "lastname": "mohamed",
    "totalprice": 111,
    "depositpaid": true,
    "bookingdates": {
        "checkin": "2018-01-01",
        "checkout": "2019-01-01"
    },
    "additionalneeds": "Breakfast"
}
HTTP/1.1 200 OK
Server: Cowboy
Report-To: {"group":"heroku-nel","max_age":3600,"endpoints":[{"url":"https://nel.heroku.com/reports?ts=1708677098&sid=c46efe9b-d3d2-4a0c-8c76-bfafa16c5add&s=JE2%2B3rTOO1tioY%2BXwhj%2BPQmg4qWWoVsqrOL5kJynwOs%3D"}]}
Reporting-Endpoints: heroku-nel=https://nel.heroku.com/reports?ts=1708677098&sid=c46efe9b-d3d2-4a0c-8c76-bfafa16c5add&s=JE2%2B3rTOO1tioY%2BXwhj%2BPQmg4qWWoVsqrOL5kJynwOs%3D
Nel: {"report_to":"heroku-nel","max_age":3600,"success_fraction":0.005,"failure_fraction":0.05,"response_headers":["Via"]}
Connection: keep-alive
X-Powered-By: Express
Content-Type: application/json; charset=utf-8
Content-Length: 200
Etag: W/"c8-oYdMDSNtqoDXuL/D0dUN9YuOECA"
Date: Fri, 23 Feb 2024 08:31:38 GMT
Via: 1.1 vegur

{
    "bookingid": 269,
    "booking": {
        "firstname": "ahmed",
        "lastname": "mohamed",
        "totalprice": 111,
        "depositpaid": true,
        "bookingdates": {
            "checkin": "2018-01-01",
            "checkout": "2019-01-01"
        },
        "additionalneeds": "Breakfast"
    }
}
269
]]></system-out>
    <system-err><![CDATA[SLF4J: Failed to load class "org.slf4j.impl.StaticLoggerBinder".
SLF4J: Defaulting to no-operation (NOP) logger implementation
SLF4J: See http://www.slf4j.org/codes.html#StaticLoggerBinder for further details.
ERROR StatusLogger Log4j2 could not find a logging implementation. Please add log4j-core to the classpath. Using SimpleLogger to log to the console...
Cleaning up unclosed ZipFile for archive C:\menna Testing\Fake-Store\src\test\resources\testdata.xlsx
]]></system-err>
  </testcase>
  <testcase name="createUpdateBooking_P" classname="testCases.TC03_UpdateBooking" time="1.032">
    <failure message="1 expectation failed.&#10;Expected status code &lt;200&gt; but was &lt;403&gt;.&#10;" type="java.lang.AssertionError"><![CDATA[java.lang.AssertionError: 
1 expectation failed.
Expected status code <200> but was <403>.

	at testCases.TC03_UpdateBooking.createUpdateBooking_P(TC03_UpdateBooking.java:25)
]]></failure>
    <system-out><![CDATA[Request method:	PUT
Request URI:	https://restful-booker.herokuapp.com/booking/269
Proxy:			<none>
Request params:	<none>
Query params:	<none>
Form params:	<none>
Path params:	<none>
Headers:		Accept=application/json
				Content-Type=application/json
Cookies:		<none>
Multiparts:		<none>
Body:			<none>
HTTP/1.1 403 Forbidden
Server: Cowboy
Report-To: {"group":"heroku-nel","max_age":3600,"endpoints":[{"url":"https://nel.heroku.com/reports?ts=1708677101&sid=c46efe9b-d3d2-4a0c-8c76-bfafa16c5add&s=iew2XaDakiM96jOKauTxEO8F8IbWkazonQuzdqSjlfs%3D"}]}
Reporting-Endpoints: heroku-nel=https://nel.heroku.com/reports?ts=1708677101&sid=c46efe9b-d3d2-4a0c-8c76-bfafa16c5add&s=iew2XaDakiM96jOKauTxEO8F8IbWkazonQuzdqSjlfs%3D
Nel: {"report_to":"heroku-nel","max_age":3600,"success_fraction":0.005,"failure_fraction":0.05,"response_headers":["Via"]}
Connection: keep-alive
X-Powered-By: Express
Content-Type: text/plain; charset=utf-8
Content-Length: 9
Etag: W/"9-PatfYBLj4Um1qTm5zrukoLhNyPU"
Date: Fri, 23 Feb 2024 08:31:41 GMT
Via: 1.1 vegur

Forbidden
]]></system-out>
  </testcase>
</testsuite>